<?xml version="1.0" encoding="UTF-8" ?>
<testsuite tests="5" failures="0" name="GameOfLifeTest" time="0.003" errors="0" skipped="0">
  <properties>
[...]
</properties>
  <testcase classname="GameOfLifeTest" name="testTransferToNextGeneration" time="0.003"/>
  <testcase classname="GameOfLifeTest" name="testCreateGameBoardWithCells" time="0"/>
  <testcase classname="GameOfLifeTest" name="testCountNeighbours" time="0"/>
  <testcase classname="GameOfLifeTest" name="testInitializeGameBoard" time="0"/>
  <testcase classname="GameOfLifeTest" name="testCalculateNextGeneration" time="0"/>
</testsuite>